{"numFailedTestSuites":0,"numFailedTests":0,"numPassedTestSuites":2,"numPassedTests":4,"numPendingTestSuites":0,"numPendingTests":0,"numRuntimeErrorTestSuites":0,"numTodoTests":0,"numTotalTestSuites":2,"numTotalTests":4,"openHandles":[],"snapshot":{"added":0,"didUpdate":false,"failure":false,"filesAdded":0,"filesRemoved":0,"filesRemovedList":[],"filesUnmatched":0,"filesUpdated":0,"matched":0,"total":0,"unchecked":0,"uncheckedKeysByFile":[],"unmatched":0,"updated":0},"startTime":1713750244735,"success":true,"testResults":[{"assertionResults":[{"ancestorTitles":["FakeService"],"duration":9,"failureDetails":[],"failureMessages":[],"fullName":"FakeService should be created","invocations":1,"location":{"column":39,"line":827},"numPassingAsserts":1,"retryReasons":[],"status":"passed","title":"should be created"},{"ancestorTitles":["FakeService"],"duration":3,"failureDetails":[],"failureMessages":[],"fullName":"FakeService should test getFakeData","invocations":1,"location":{"column":39,"line":827},"numPassingAsserts":2,"retryReasons":[],"status":"passed","title":"should test getFakeData"}],"endTime":1713750252175,"message":"","name":"C:\\Users\\Xiaochen\\Downloads\\cypress-visual-test\\recipe-book\\src\\app\\shared\\fake.service.spec.ts","startTime":1713750246446,"status":"passed","summary":""},{"assertionResults":[{"ancestorTitles":["AuthService"],"duration":56,"failureDetails":[],"failureMessages":[],"fullName":"AuthService should signup a user","invocations":1,"location":{"column":39,"line":827},"numPassingAsserts":3,"retryReasons":[],"status":"passed","title":"should signup a user"},{"ancestorTitles":["AuthService"],"duration":7,"failureDetails":[],"failureMessages":[],"fullName":"AuthService should login a user","invocations":1,"location":{"column":39,"line":827},"numPassingAsserts":2,"retryReasons":[],"status":"passed","title":"should login a user"}],"endTime":1713750252394,"message":"","name":"C:\\Users\\Xiaochen\\Downloads\\cypress-visual-test\\recipe-book\\src\\app\\auth\\auth.service.spec.ts","startTime":1713750246447,"status":"passed","summary":""}],"wasInterrupted":false}
